RGB:    255     0       0
RGB:    255     21      0
RGB:    255     46      0
RGB:    255     98      0
RGB:    255     123     0
RGB:    255     145     0
RGB:    255     196     0
RGB:    255     221     0
RGB:    255     247     0
RGB:    243     255     0
RGB:    217     255     0
RGB:    166     255     0
RGB:    140     255     0
RGB:    119     255     0
RGB:    93      255     0
RGB:    68      255     0
RGB:    42      255     0
RGB:    17      255     0
RGB:    17      255     0
RGB:    0       255     4
RGB:    0       255     29
RGB:    0       255     55
RGB:    0       255     55
RGB:    0       255     81
RGB:    0       255     128
RGB:    0       255     153
RGB:    0       255     179
RGB:    0       255     179
RGB:    0       255     230
RGB:    0       255     255
RGB:    0       209     255
RGB:    0       183     255
RGB:    0       132     255
RGB:    0       110     255
RGB:    0       85      255
RGB:    0       59      255
RGB:    0       34      255
RGB:    12      0       255
RGB:    38      0       255
RGB:    64      0       255
RGB:    89      0       255
RGB:    89      0       255
RGB:    115     0       255
RGB:    136     0       255
RGB:    162     0       255
RGB:    213     0       255
RGB:    238     0       255
RGB:    255     0       251
RGB:    255     0       226
RGB:    255     0       174
RGB:    255     0       128
RGB:    255     0       128
RGB:    255     0       51
RGB:    255     0       25
RGB:    255     0       25
RGB:    255     0       25
